This file contains any messages produced by compilers while
running configure, to aid debugging if configure makes a mistake.

It was created by CityHash configure 1.0.3, which was
generated by GNU Autoconf 2.65.  Invocation command line was

  $ ./configure 

## --------- ##
## Platform. ##
## --------- ##

hostname = jl-mac.local
uname -m = x86_64
uname -r = 11.3.0
uname -s = Darwin
uname -v = Darwin Kernel Version 11.3.0: Thu Jan 12 18:47:41 PST 2012; root:xnu-1699.24.23~1/RELEASE_X86_64

/usr/bin/uname -p = i386
/bin/uname -X     = unknown

/bin/arch              = unknown
/usr/bin/arch -k       = unknown
/usr/convex/getsysinfo = unknown
/usr/bin/hostinfo      = Mach kernel version:
	 Darwin Kernel Version 11.3.0: Thu Jan 12 18:47:41 PST 2012; root:xnu-1699.24.23~1/RELEASE_X86_64
Kernel configured for up to 8 processors.
4 processors are physically available.
8 processors are logically available.
Processor type: i486 (Intel 80486)
Processors active: 0 1 2 3 4 5 6 7
Primary memory available: 8.00 gigabytes
Default processor set: 76 tasks, 382 threads, 8 processors
Load average: 1.40, Mach factor: 6.59
/bin/machine           = unknown
/usr/bin/oslevel       = unknown
/bin/universe          = unknown

PATH: /Users/jlebar/conf/bin/android-platform-tools
PATH: /Users/jlebar/conf/bin/android-tools
PATH: /Users/jlebar/conf/bin/moz
PATH: /Users/jlebar/conf/bin
PATH: /Users/jlebar/bin
PATH: /opt/local/bin
PATH: /usr/bin
PATH: /bin
PATH: /usr/sbin
PATH: /sbin
PATH: /usr/local/bin
PATH: /usr/X11/bin


## ----------- ##
## Core tests. ##
## ----------- ##

configure:2634: checking for a BSD-compatible install
configure:2702: result: /usr/bin/install -c
configure:2713: checking whether build environment is sane
configure:2763: result: yes
configure:2904: checking for a thread-safe mkdir -p
configure:2943: result: ./install-sh -c -d
configure:2956: checking for gawk
configure:2972: found /opt/local/bin/gawk
configure:2983: result: gawk
configure:2994: checking whether make sets $(MAKE)
configure:3016: result: yes
configure:3117: checking build system type
configure:3131: result: i386-apple-darwin11.3.0
configure:3151: checking host system type
configure:3164: result: i386-apple-darwin11.3.0
configure:3196: checking for style of include used by make
configure:3224: result: GNU
configure:3294: checking for gcc
configure:3310: found /usr/bin/gcc
configure:3321: result: gcc
configure:3550: checking for C compiler version
configure:3559: gcc --version >&5
i686-apple-darwin11-llvm-gcc-4.2 (GCC) 4.2.1 (Based on Apple Inc. build 5658) (LLVM build 2336.1.00)
Copyright (C) 2007 Free Software Foundation, Inc.
This is free software; see the source for copying conditions.  There is NO
warranty; not even for MERCHANTABILITY or FITNESS FOR A PARTICULAR PURPOSE.

configure:3570: $? = 0
configure:3559: gcc -v >&5
Using built-in specs.
Target: i686-apple-darwin11
Configured with: /private/var/tmp/llvmgcc42/llvmgcc42-2336.1~22/src/configure --disable-checking --enable-werror --prefix=/Developer/usr/llvm-gcc-4.2 --mandir=/share/man --enable-languages=c,objc,c++,obj-c++ --program-prefix=llvm- --program-transform-name=/^[cg][^.-]*$/s/$/-4.2/ --with-slibdir=/usr/lib --build=i686-apple-darwin11 --enable-llvm=/private/var/tmp/llvmgcc42/llvmgcc42-2336.1~22/dst-llvmCore/Developer/usr/local --program-prefix=i686-apple-darwin11- --host=x86_64-apple-darwin11 --target=i686-apple-darwin11 --with-gxx-include-dir=/usr/include/c++/4.2.1
Thread model: posix
gcc version 4.2.1 (Based on Apple Inc. build 5658) (LLVM build 2336.1.00)
configure:3570: $? = 0
configure:3559: gcc -V >&5
llvm-gcc-4.2: argument to `-V' is missing
configure:3570: $? = 1
configure:3559: gcc -qversion >&5
i686-apple-darwin11-llvm-gcc-4.2: no input files
configure:3570: $? = 1
configure:3590: checking whether the C compiler works
configure:3612: gcc    conftest.c  >&5
configure:3616: $? = 0
configure:3665: result: yes
configure:3668: checking for C compiler default output file name
configure:3670: result: a.out
configure:3676: checking for suffix of executables
configure:3683: gcc -o conftest    conftest.c  >&5
configure:3687: $? = 0
configure:3709: result: 
configure:3731: checking whether we are cross compiling
configure:3739: gcc -o conftest    conftest.c  >&5
configure:3743: $? = 0
configure:3750: ./conftest
configure:3754: $? = 0
configure:3769: result: no
configure:3774: checking for suffix of object files
configure:3796: gcc -c   conftest.c >&5
configure:3800: $? = 0
configure:3821: result: o
configure:3825: checking whether we are using the GNU C compiler
configure:3844: gcc -c   conftest.c >&5
configure:3844: $? = 0
configure:3853: result: yes
configure:3862: checking whether gcc accepts -g
configure:3882: gcc -c -g  conftest.c >&5
configure:3882: $? = 0
configure:3923: result: yes
configure:3940: checking for gcc option to accept ISO C89
configure:4004: gcc  -c -g -O2  conftest.c >&5
configure:4004: $? = 0
configure:4017: result: none needed
configure:4039: checking dependency style of gcc
configure:4149: result: gcc3
configure:4164: checking for a sed that does not truncate output
configure:4228: result: /usr/bin/sed
configure:4246: checking for grep that handles long lines and -e
configure:4304: result: /usr/bin/grep
configure:4309: checking for egrep
configure:4371: result: /usr/bin/grep -E
configure:4376: checking for fgrep
configure:4438: result: /usr/bin/grep -F
configure:4473: checking for ld used by gcc
configure:4540: result: /usr/llvm-gcc-4.2/libexec/gcc/i686-apple-darwin11/4.2.1/ld
configure:4547: checking if the linker (/usr/llvm-gcc-4.2/libexec/gcc/i686-apple-darwin11/4.2.1/ld) is GNU ld
configure:4562: result: no
configure:4574: checking for BSD- or MS-compatible name lister (nm)
configure:4623: result: /usr/bin/nm
configure:4741: checking the name lister (/usr/bin/nm) interface
configure:4748: gcc -c -g -O2  conftest.c >&5
configure:4751: /usr/bin/nm "conftest.o"
configure:4754: output
0000000000000198 S _some_variable
configure:4761: result: BSD nm
configure:4764: checking whether ln -s works
configure:4768: result: yes
configure:4776: checking the maximum length of command line arguments
configure:4896: result: 196608
configure:4913: checking whether the shell understands some XSI constructs
configure:4923: result: yes
configure:4927: checking whether the shell understands "+="
configure:4933: result: yes
configure:4968: checking for /usr/llvm-gcc-4.2/libexec/gcc/i686-apple-darwin11/4.2.1/ld option to reload object files
configure:4975: result: -r
configure:5044: checking for objdump
configure:5074: result: no
configure:5103: checking how to recognize dependent libraries
configure:5299: result: pass_all
configure:5359: checking for ar
configure:5375: found /usr/bin/ar
configure:5386: result: ar
configure:5464: checking for strip
configure:5480: found /usr/bin/strip
configure:5491: result: strip
configure:5563: checking for ranlib
configure:5579: found /usr/bin/ranlib
configure:5590: result: ranlib
configure:5680: checking command to parse /usr/bin/nm output from gcc object
configure:5798: gcc -c -g -O2  conftest.c >&5
configure:5801: $? = 0
configure:5805: /usr/bin/nm conftest.o \| sed -n -e 's/^.*[	 ]\([BCDEGRST][BCDEGRST]*\)[	 ][	 ]*\([_A-Za-z][_A-Za-z0-9]*\)$/\1 \2 \2/p' \> conftest.nm
configure:5808: $? = 0
cannot find nm_test_var in conftest.nm
configure:5798: gcc -c -g -O2  conftest.c >&5
configure:5801: $? = 0
configure:5805: /usr/bin/nm conftest.o \| sed -n -e 's/^.*[	 ]\([BCDEGRST][BCDEGRST]*\)[	 ][	 ]*_\([_A-Za-z][_A-Za-z0-9]*\)$/\1 _\2 \2/p' \> conftest.nm
configure:5808: $? = 0
configure:5862: gcc -o conftest -g -O2   conftest.c conftstm.o >&5
configure:5865: $? = 0
configure:5903: result: ok
configure:6168: checking for dsymutil
configure:6184: found /usr/bin/dsymutil
configure:6195: result: dsymutil
configure:6260: checking for nmedit
configure:6276: found /usr/bin/nmedit
configure:6287: result: nmedit
configure:6352: checking for lipo
configure:6368: found /usr/bin/lipo
configure:6379: result: lipo
configure:6444: checking for otool
configure:6460: found /usr/bin/otool
configure:6471: result: otool
configure:6536: checking for otool64
configure:6566: result: no
configure:6611: checking for -single_module linker flag
gcc -g -O2  -o libconftest.dylib -dynamiclib -Wl,-single_module conftest.c
configure:6638: result: yes
configure:6640: checking for -exported_symbols_list linker flag
configure:6660: gcc -o conftest -g -O2   -Wl,-exported_symbols_list,conftest.sym conftest.c  >&5
configure:6660: $? = 0
configure:6670: result: yes
configure:6712: checking how to run the C preprocessor
configure:6743: gcc -E  conftest.c
configure:6743: $? = 0
configure:6757: gcc -E  conftest.c
conftest.c:9:28: error: ac_nonexistent.h: No such file or directory
configure:6757: $? = 1
configure: failed program was:
| /* confdefs.h */
| #define PACKAGE_NAME "CityHash"
| #define PACKAGE_TARNAME "cityhash"
| #define PACKAGE_VERSION "1.0.3"
| #define PACKAGE_STRING "CityHash 1.0.3"
| #define PACKAGE_BUGREPORT "cityhash-discuss@googlegroups.com"
| #define PACKAGE_URL ""
| /* end confdefs.h.  */
| #include <ac_nonexistent.h>
configure:6782: result: gcc -E
configure:6802: gcc -E  conftest.c
configure:6802: $? = 0
configure:6816: gcc -E  conftest.c
conftest.c:9:28: error: ac_nonexistent.h: No such file or directory
configure:6816: $? = 1
configure: failed program was:
| /* confdefs.h */
| #define PACKAGE_NAME "CityHash"
| #define PACKAGE_TARNAME "cityhash"
| #define PACKAGE_VERSION "1.0.3"
| #define PACKAGE_STRING "CityHash 1.0.3"
| #define PACKAGE_BUGREPORT "cityhash-discuss@googlegroups.com"
| #define PACKAGE_URL ""
| /* end confdefs.h.  */
| #include <ac_nonexistent.h>
configure:6845: checking for ANSI C header files
configure:6865: gcc -c -g -O2  conftest.c >&5
configure:6865: $? = 0
configure:6938: gcc -o conftest -g -O2   conftest.c  >&5
configure:6938: $? = 0
configure:6938: ./conftest
configure:6938: $? = 0
configure:6949: result: yes
configure:6962: checking for sys/types.h
configure:6962: gcc -c -g -O2  conftest.c >&5
configure:6962: $? = 0
configure:6962: result: yes
configure:6962: checking for sys/stat.h
configure:6962: gcc -c -g -O2  conftest.c >&5
configure:6962: $? = 0
configure:6962: result: yes
configure:6962: checking for stdlib.h
configure:6962: gcc -c -g -O2  conftest.c >&5
configure:6962: $? = 0
configure:6962: result: yes
configure:6962: checking for string.h
configure:6962: gcc -c -g -O2  conftest.c >&5
configure:6962: $? = 0
configure:6962: result: yes
configure:6962: checking for memory.h
configure:6962: gcc -c -g -O2  conftest.c >&5
configure:6962: $? = 0
configure:6962: result: yes
configure:6962: checking for strings.h
configure:6962: gcc -c -g -O2  conftest.c >&5
configure:6962: $? = 0
configure:6962: result: yes
configure:6962: checking for inttypes.h
configure:6962: gcc -c -g -O2  conftest.c >&5
configure:6962: $? = 0
configure:6962: result: yes
configure:6962: checking for stdint.h
configure:6962: gcc -c -g -O2  conftest.c >&5
configure:6962: $? = 0
configure:6962: result: yes
configure:6962: checking for unistd.h
configure:6962: gcc -c -g -O2  conftest.c >&5
configure:6962: $? = 0
configure:6962: result: yes
configure:6977: checking for dlfcn.h
configure:6977: gcc -c -g -O2  conftest.c >&5
configure:6977: $? = 0
configure:6977: result: yes
configure:7161: checking for objdir
configure:7176: result: .libs
configure:7472: checking if gcc supports -fno-rtti -fno-exceptions
configure:7490: gcc -c -g -O2  -fno-rtti -fno-exceptions conftest.c >&5
cc1: warning: command line option "-fno-rtti" is valid for C++/ObjC++ but not for C
configure:7494: $? = 0
configure:7507: result: no
configure:7527: checking for gcc option to produce PIC
configure:7799: result: -fno-common -DPIC
configure:7811: checking if gcc PIC flag -fno-common -DPIC works
configure:7829: gcc -c -g -O2  -fno-common -DPIC -DPIC conftest.c >&5
configure:7833: $? = 0
configure:7846: result: yes
configure:7870: checking if gcc static flag -static works
configure:7898: result: no
configure:7913: checking if gcc supports -c -o file.o
configure:7934: gcc -c -g -O2  -o out/conftest2.o conftest.c >&5
configure:7938: $? = 0
configure:7960: result: yes
configure:7968: checking if gcc supports -c -o file.o
configure:8015: result: yes
configure:8048: checking whether the gcc linker (/usr/llvm-gcc-4.2/libexec/gcc/i686-apple-darwin11/4.2.1/ld) supports shared libraries
configure:9039: result: yes
configure:9278: checking dynamic linker characteristics
configure:9941: result: darwin11.3.0 dyld
configure:10043: checking how to hardcode library paths into programs
configure:10068: result: immediate
configure:10588: checking whether stripping libraries is possible
configure:10602: result: yes
configure:10628: checking if libtool supports shared libraries
configure:10630: result: yes
configure:10633: checking whether to build shared libraries
configure:10654: result: yes
configure:10657: checking whether to build static libraries
configure:10661: result: yes
configure:10775: checking for g++
configure:10791: found /usr/bin/g++
configure:10802: result: g++
configure:10829: checking for C++ compiler version
configure:10838: g++ --version >&5
i686-apple-darwin11-llvm-g++-4.2 (GCC) 4.2.1 (Based on Apple Inc. build 5658) (LLVM build 2336.1.00)
Copyright (C) 2007 Free Software Foundation, Inc.
This is free software; see the source for copying conditions.  There is NO
warranty; not even for MERCHANTABILITY or FITNESS FOR A PARTICULAR PURPOSE.

configure:10849: $? = 0
configure:10838: g++ -v >&5
Using built-in specs.
Target: i686-apple-darwin11
Configured with: /private/var/tmp/llvmgcc42/llvmgcc42-2336.1~22/src/configure --disable-checking --enable-werror --prefix=/Developer/usr/llvm-gcc-4.2 --mandir=/share/man --enable-languages=c,objc,c++,obj-c++ --program-prefix=llvm- --program-transform-name=/^[cg][^.-]*$/s/$/-4.2/ --with-slibdir=/usr/lib --build=i686-apple-darwin11 --enable-llvm=/private/var/tmp/llvmgcc42/llvmgcc42-2336.1~22/dst-llvmCore/Developer/usr/local --program-prefix=i686-apple-darwin11- --host=x86_64-apple-darwin11 --target=i686-apple-darwin11 --with-gxx-include-dir=/usr/include/c++/4.2.1
Thread model: posix
gcc version 4.2.1 (Based on Apple Inc. build 5658) (LLVM build 2336.1.00)
configure:10849: $? = 0
configure:10838: g++ -V >&5
llvm-g++-4.2: argument to `-V' is missing
configure:10849: $? = 1
configure:10838: g++ -qversion >&5
i686-apple-darwin11-llvm-g++-4.2: no input files
configure:10849: $? = 1
configure:10853: checking whether we are using the GNU C++ compiler
configure:10872: g++ -c   conftest.cpp >&5
configure:10872: $? = 0
configure:10881: result: yes
configure:10890: checking whether g++ accepts -g
configure:10910: g++ -c -g  conftest.cpp >&5
configure:10910: $? = 0
configure:10951: result: yes
configure:10976: checking dependency style of g++
configure:11086: result: gcc3
configure:11214: checking for C++ compiler version
configure:11223: g++ --version >&5
i686-apple-darwin11-llvm-g++-4.2 (GCC) 4.2.1 (Based on Apple Inc. build 5658) (LLVM build 2336.1.00)
Copyright (C) 2007 Free Software Foundation, Inc.
This is free software; see the source for copying conditions.  There is NO
warranty; not even for MERCHANTABILITY or FITNESS FOR A PARTICULAR PURPOSE.

configure:11234: $? = 0
configure:11223: g++ -v >&5
Using built-in specs.
Target: i686-apple-darwin11
Configured with: /private/var/tmp/llvmgcc42/llvmgcc42-2336.1~22/src/configure --disable-checking --enable-werror --prefix=/Developer/usr/llvm-gcc-4.2 --mandir=/share/man --enable-languages=c,objc,c++,obj-c++ --program-prefix=llvm- --program-transform-name=/^[cg][^.-]*$/s/$/-4.2/ --with-slibdir=/usr/lib --build=i686-apple-darwin11 --enable-llvm=/private/var/tmp/llvmgcc42/llvmgcc42-2336.1~22/dst-llvmCore/Developer/usr/local --program-prefix=i686-apple-darwin11- --host=x86_64-apple-darwin11 --target=i686-apple-darwin11 --with-gxx-include-dir=/usr/include/c++/4.2.1
Thread model: posix
gcc version 4.2.1 (Based on Apple Inc. build 5658) (LLVM build 2336.1.00)
configure:11234: $? = 0
configure:11223: g++ -V >&5
llvm-g++-4.2: argument to `-V' is missing
configure:11234: $? = 1
configure:11223: g++ -qversion >&5
i686-apple-darwin11-llvm-g++-4.2: no input files
configure:11234: $? = 1
configure:11238: checking whether we are using the GNU C++ compiler
configure:11266: result: yes
configure:11275: checking whether g++ accepts -g
configure:11336: result: yes
configure:11361: checking dependency style of g++
configure:11471: result: gcc3
configure:11494: checking how to run the C++ preprocessor
configure:11521: g++ -E  conftest.cpp
configure:11521: $? = 0
configure:11535: g++ -E  conftest.cpp
conftest.cpp:21:28: error: ac_nonexistent.h: No such file or directory
configure:11535: $? = 1
configure: failed program was:
| /* confdefs.h */
| #define PACKAGE_NAME "CityHash"
| #define PACKAGE_TARNAME "cityhash"
| #define PACKAGE_VERSION "1.0.3"
| #define PACKAGE_STRING "CityHash 1.0.3"
| #define PACKAGE_BUGREPORT "cityhash-discuss@googlegroups.com"
| #define PACKAGE_URL ""
| #define STDC_HEADERS 1
| #define HAVE_SYS_TYPES_H 1
| #define HAVE_SYS_STAT_H 1
| #define HAVE_STDLIB_H 1
| #define HAVE_STRING_H 1
| #define HAVE_MEMORY_H 1
| #define HAVE_STRINGS_H 1
| #define HAVE_INTTYPES_H 1
| #define HAVE_STDINT_H 1
| #define HAVE_UNISTD_H 1
| #define HAVE_DLFCN_H 1
| #define LT_OBJDIR ".libs/"
| /* end confdefs.h.  */
| #include <ac_nonexistent.h>
configure:11560: result: g++ -E
configure:11580: g++ -E  conftest.cpp
configure:11580: $? = 0
configure:11594: g++ -E  conftest.cpp
conftest.cpp:21:28: error: ac_nonexistent.h: No such file or directory
configure:11594: $? = 1
configure: failed program was:
| /* confdefs.h */
| #define PACKAGE_NAME "CityHash"
| #define PACKAGE_TARNAME "cityhash"
| #define PACKAGE_VERSION "1.0.3"
| #define PACKAGE_STRING "CityHash 1.0.3"
| #define PACKAGE_BUGREPORT "cityhash-discuss@googlegroups.com"
| #define PACKAGE_URL ""
| #define STDC_HEADERS 1
| #define HAVE_SYS_TYPES_H 1
| #define HAVE_SYS_STAT_H 1
| #define HAVE_STDLIB_H 1
| #define HAVE_STRING_H 1
| #define HAVE_MEMORY_H 1
| #define HAVE_STRINGS_H 1
| #define HAVE_INTTYPES_H 1
| #define HAVE_STDINT_H 1
| #define HAVE_UNISTD_H 1
| #define HAVE_DLFCN_H 1
| #define LT_OBJDIR ".libs/"
| /* end confdefs.h.  */
| #include <ac_nonexistent.h>
configure:11762: checking for ld used by g++
configure:11829: result: /usr/llvm-gcc-4.2/libexec/gcc/i686-apple-darwin11/4.2.1/ld
configure:11836: checking if the linker (/usr/llvm-gcc-4.2/libexec/gcc/i686-apple-darwin11/4.2.1/ld) is GNU ld
configure:11851: result: no
configure:11906: checking whether the g++ linker (/usr/llvm-gcc-4.2/libexec/gcc/i686-apple-darwin11/4.2.1/ld) supports shared libraries
configure:12819: result: yes
configure:12847: g++ -c -g -O2  conftest.cpp >&5
configure:12850: $? = 0
configure:13032: checking for g++ option to produce PIC
configure:13349: result: -fno-common -DPIC
configure:13358: checking if g++ PIC flag -fno-common -DPIC works
configure:13376: g++ -c -g -O2  -fno-common -DPIC -DPIC conftest.cpp >&5
configure:13380: $? = 0
configure:13393: result: yes
configure:13414: checking if g++ static flag -static works
configure:13442: result: no
configure:13454: checking if g++ supports -c -o file.o
configure:13475: g++ -c -g -O2  -o out/conftest2.o conftest.cpp >&5
configure:13479: $? = 0
configure:13501: result: yes
configure:13506: checking if g++ supports -c -o file.o
configure:13553: result: yes
configure:13583: checking whether the g++ linker (/usr/llvm-gcc-4.2/libexec/gcc/i686-apple-darwin11/4.2.1/ld) supports shared libraries
configure:13612: result: yes
configure:13749: checking dynamic linker characteristics
configure:14360: result: darwin11.3.0 dyld
configure:14411: checking how to hardcode library paths into programs
configure:14436: result: immediate
configure:14481: checking whether byte ordering is bigendian
configure:14496: g++ -c -g -O2  conftest.cpp >&5
configure:14496: $? = 0
configure:14541: g++ -c -g -O2  conftest.cpp >&5
configure:14541: $? = 0
configure:14559: g++ -c -g -O2  conftest.cpp >&5
conftest.cpp: In function 'int main()':
conftest.cpp:28: error: 'big' was not declared in this scope
conftest.cpp:28: error: expected `;' before 'endian'
configure:14559: $? = 1
configure: failed program was:
| /* confdefs.h */
| #define PACKAGE_NAME "CityHash"
| #define PACKAGE_TARNAME "cityhash"
| #define PACKAGE_VERSION "1.0.3"
| #define PACKAGE_STRING "CityHash 1.0.3"
| #define PACKAGE_BUGREPORT "cityhash-discuss@googlegroups.com"
| #define PACKAGE_URL ""
| #define STDC_HEADERS 1
| #define HAVE_SYS_TYPES_H 1
| #define HAVE_SYS_STAT_H 1
| #define HAVE_STDLIB_H 1
| #define HAVE_STRING_H 1
| #define HAVE_MEMORY_H 1
| #define HAVE_STRINGS_H 1
| #define HAVE_INTTYPES_H 1
| #define HAVE_STDINT_H 1
| #define HAVE_UNISTD_H 1
| #define HAVE_DLFCN_H 1
| #define LT_OBJDIR ".libs/"
| /* end confdefs.h.  */
| #include <sys/types.h>
| 		#include <sys/param.h>
| 
| int
| main ()
| {
| #if BYTE_ORDER != BIG_ENDIAN
| 		 not big endian
| 		#endif
| 
|   ;
|   return 0;
| }
configure:14687: result: no
configure:14713: checking for stdint.h
configure:14713: result: yes
configure:14713: checking for stdlib.h
configure:14713: result: yes
configure:14726: checking for inline
configure:14742: g++ -c -g -O2  conftest.cpp >&5
configure:14742: $? = 0
configure:14750: result: inline
configure:14768: checking for size_t
configure:14768: g++ -c -g -O2  conftest.cpp >&5
configure:14768: $? = 0
configure:14768: g++ -c -g -O2  conftest.cpp >&5
conftest.cpp: In function 'int main()':
conftest.cpp:59: error: expected primary-expression before ')' token
configure:14768: $? = 1
configure: failed program was:
| /* confdefs.h */
| #define PACKAGE_NAME "CityHash"
| #define PACKAGE_TARNAME "cityhash"
| #define PACKAGE_VERSION "1.0.3"
| #define PACKAGE_STRING "CityHash 1.0.3"
| #define PACKAGE_BUGREPORT "cityhash-discuss@googlegroups.com"
| #define PACKAGE_URL ""
| #define STDC_HEADERS 1
| #define HAVE_SYS_TYPES_H 1
| #define HAVE_SYS_STAT_H 1
| #define HAVE_STDLIB_H 1
| #define HAVE_STRING_H 1
| #define HAVE_MEMORY_H 1
| #define HAVE_STRINGS_H 1
| #define HAVE_INTTYPES_H 1
| #define HAVE_STDINT_H 1
| #define HAVE_UNISTD_H 1
| #define HAVE_DLFCN_H 1
| #define LT_OBJDIR ".libs/"
| #define HAVE_STDINT_H 1
| #define HAVE_STDLIB_H 1
| /* end confdefs.h.  */
| #include <stdio.h>
| #ifdef HAVE_SYS_TYPES_H
| # include <sys/types.h>
| #endif
| #ifdef HAVE_SYS_STAT_H
| # include <sys/stat.h>
| #endif
| #ifdef STDC_HEADERS
| # include <stdlib.h>
| # include <stddef.h>
| #else
| # ifdef HAVE_STDLIB_H
| #  include <stdlib.h>
| # endif
| #endif
| #ifdef HAVE_STRING_H
| # if !defined STDC_HEADERS && defined HAVE_MEMORY_H
| #  include <memory.h>
| # endif
| # include <string.h>
| #endif
| #ifdef HAVE_STRINGS_H
| # include <strings.h>
| #endif
| #ifdef HAVE_INTTYPES_H
| # include <inttypes.h>
| #endif
| #ifdef HAVE_STDINT_H
| # include <stdint.h>
| #endif
| #ifdef HAVE_UNISTD_H
| # include <unistd.h>
| #endif
| int
| main ()
| {
| if (sizeof ((size_t)))
| 	    return 0;
|   ;
|   return 0;
| }
configure:14768: result: yes
configure:14779: checking for ssize_t
configure:14779: g++ -c -g -O2  conftest.cpp >&5
configure:14779: $? = 0
configure:14779: g++ -c -g -O2  conftest.cpp >&5
conftest.cpp: In function 'int main()':
conftest.cpp:59: error: expected primary-expression before ')' token
configure:14779: $? = 1
configure: failed program was:
| /* confdefs.h */
| #define PACKAGE_NAME "CityHash"
| #define PACKAGE_TARNAME "cityhash"
| #define PACKAGE_VERSION "1.0.3"
| #define PACKAGE_STRING "CityHash 1.0.3"
| #define PACKAGE_BUGREPORT "cityhash-discuss@googlegroups.com"
| #define PACKAGE_URL ""
| #define STDC_HEADERS 1
| #define HAVE_SYS_TYPES_H 1
| #define HAVE_SYS_STAT_H 1
| #define HAVE_STDLIB_H 1
| #define HAVE_STRING_H 1
| #define HAVE_MEMORY_H 1
| #define HAVE_STRINGS_H 1
| #define HAVE_INTTYPES_H 1
| #define HAVE_STDINT_H 1
| #define HAVE_UNISTD_H 1
| #define HAVE_DLFCN_H 1
| #define LT_OBJDIR ".libs/"
| #define HAVE_STDINT_H 1
| #define HAVE_STDLIB_H 1
| /* end confdefs.h.  */
| #include <stdio.h>
| #ifdef HAVE_SYS_TYPES_H
| # include <sys/types.h>
| #endif
| #ifdef HAVE_SYS_STAT_H
| # include <sys/stat.h>
| #endif
| #ifdef STDC_HEADERS
| # include <stdlib.h>
| # include <stddef.h>
| #else
| # ifdef HAVE_STDLIB_H
| #  include <stdlib.h>
| # endif
| #endif
| #ifdef HAVE_STRING_H
| # if !defined STDC_HEADERS && defined HAVE_MEMORY_H
| #  include <memory.h>
| # endif
| # include <string.h>
| #endif
| #ifdef HAVE_STRINGS_H
| # include <strings.h>
| #endif
| #ifdef HAVE_INTTYPES_H
| # include <inttypes.h>
| #endif
| #ifdef HAVE_STDINT_H
| # include <stdint.h>
| #endif
| #ifdef HAVE_UNISTD_H
| # include <unistd.h>
| #endif
| int
| main ()
| {
| if (sizeof ((ssize_t)))
| 	    return 0;
|   ;
|   return 0;
| }
configure:14779: result: yes
configure:14790: checking for uint32_t
configure:14790: g++ -c -g -O2  conftest.cpp >&5
configure:14790: $? = 0
configure:14790: result: yes
configure:14804: checking for uint64_t
configure:14804: g++ -c -g -O2  conftest.cpp >&5
configure:14804: $? = 0
configure:14804: result: yes
configure:14818: checking for uint8_t
configure:14818: g++ -c -g -O2  conftest.cpp >&5
configure:14818: $? = 0
configure:14818: result: yes
configure:14834: checking if the compiler supports __builtin_expect
configure:14849: g++ -c -g -O2  conftest.cpp >&5
configure:14849: $? = 0
configure:14852: result: yes
configure:15000: creating ./config.status

## ---------------------- ##
## Running config.status. ##
## ---------------------- ##

This file was extended by CityHash config.status 1.0.3, which was
generated by GNU Autoconf 2.65.  Invocation command line was

  CONFIG_FILES    = 
  CONFIG_HEADERS  = 
  CONFIG_LINKS    = 
  CONFIG_COMMANDS = 
  $ ./config.status 

on jl-mac.local

config.status:1125: creating Makefile
config.status:1125: creating src/Makefile
config.status:1125: creating config.h
config.status:1345: executing depfiles commands
config.status:1345: executing libtool commands

## ---------------- ##
## Cache variables. ##
## ---------------- ##

ac_cv_build=i386-apple-darwin11.3.0
ac_cv_c_bigendian=no
ac_cv_c_compiler_gnu=yes
ac_cv_c_inline=inline
ac_cv_c_uint32_t=yes
ac_cv_c_uint64_t=yes
ac_cv_c_uint8_t=yes
ac_cv_cxx_compiler_gnu=yes
ac_cv_env_CCC_set=
ac_cv_env_CCC_value=
ac_cv_env_CC_set=
ac_cv_env_CC_value=
ac_cv_env_CFLAGS_set=
ac_cv_env_CFLAGS_value=
ac_cv_env_CPPFLAGS_set=
ac_cv_env_CPPFLAGS_value=
ac_cv_env_CPP_set=
ac_cv_env_CPP_value=
ac_cv_env_CXXCPP_set=
ac_cv_env_CXXCPP_value=
ac_cv_env_CXXFLAGS_set=
ac_cv_env_CXXFLAGS_value=
ac_cv_env_CXX_set=
ac_cv_env_CXX_value=
ac_cv_env_LDFLAGS_set=
ac_cv_env_LDFLAGS_value=
ac_cv_env_LIBS_set=
ac_cv_env_LIBS_value=
ac_cv_env_build_alias_set=
ac_cv_env_build_alias_value=
ac_cv_env_host_alias_set=
ac_cv_env_host_alias_value=
ac_cv_env_target_alias_set=
ac_cv_env_target_alias_value=
ac_cv_header_dlfcn_h=yes
ac_cv_header_inttypes_h=yes
ac_cv_header_memory_h=yes
ac_cv_header_stdc=yes
ac_cv_header_stdint_h=yes
ac_cv_header_stdlib_h=yes
ac_cv_header_string_h=yes
ac_cv_header_strings_h=yes
ac_cv_header_sys_stat_h=yes
ac_cv_header_sys_types_h=yes
ac_cv_header_unistd_h=yes
ac_cv_host=i386-apple-darwin11.3.0
ac_cv_objext=o
ac_cv_path_EGREP='/usr/bin/grep -E'
ac_cv_path_FGREP='/usr/bin/grep -F'
ac_cv_path_GREP=/usr/bin/grep
ac_cv_path_SED=/usr/bin/sed
ac_cv_path_install='/usr/bin/install -c'
ac_cv_prog_AWK=gawk
ac_cv_prog_CPP='gcc -E'
ac_cv_prog_CXXCPP='g++ -E'
ac_cv_prog_ac_ct_AR=ar
ac_cv_prog_ac_ct_CC=gcc
ac_cv_prog_ac_ct_CXX=g++
ac_cv_prog_ac_ct_DSYMUTIL=dsymutil
ac_cv_prog_ac_ct_LIPO=lipo
ac_cv_prog_ac_ct_NMEDIT=nmedit
ac_cv_prog_ac_ct_OTOOL=otool
ac_cv_prog_ac_ct_RANLIB=ranlib
ac_cv_prog_ac_ct_STRIP=strip
ac_cv_prog_cc_c89=
ac_cv_prog_cc_g=yes
ac_cv_prog_cxx_g=yes
ac_cv_prog_make_make_set=yes
ac_cv_type_size_t=yes
ac_cv_type_ssize_t=yes
am_cv_CC_dependencies_compiler_type=gcc3
am_cv_CXX_dependencies_compiler_type=gcc3
lt_cv_apple_cc_single_mod=yes
lt_cv_deplibs_check_method=pass_all
lt_cv_file_magic_cmd='$MAGIC_CMD'
lt_cv_file_magic_test_file=
lt_cv_ld_exported_symbols_list=yes
lt_cv_ld_reload_flag=-r
lt_cv_nm_interface='BSD nm'
lt_cv_objdir=.libs
lt_cv_path_LD=/usr/llvm-gcc-4.2/libexec/gcc/i686-apple-darwin11/4.2.1/ld
lt_cv_path_LDCXX=/usr/llvm-gcc-4.2/libexec/gcc/i686-apple-darwin11/4.2.1/ld
lt_cv_path_NM=/usr/bin/nm
lt_cv_prog_compiler_c_o=yes
lt_cv_prog_compiler_c_o_CXX=yes
lt_cv_prog_compiler_pic_works=yes
lt_cv_prog_compiler_pic_works_CXX=yes
lt_cv_prog_compiler_rtti_exceptions=no
lt_cv_prog_compiler_static_works=no
lt_cv_prog_compiler_static_works_CXX=no
lt_cv_prog_gnu_ld=no
lt_cv_prog_gnu_ldcxx=no
lt_cv_sys_global_symbol_pipe='sed -n -e '\''s/^.*[	 ]\([BCDEGRST][BCDEGRST]*\)[	 ][	 ]*_\([_A-Za-z][_A-Za-z0-9]*\)$/\1 _\2 \2/p'\'''
lt_cv_sys_global_symbol_to_c_name_address='sed -n -e '\''s/^: \([^ ]*\) $/  {\"\1\", (void *) 0},/p'\'' -e '\''s/^[BCDEGRST]* \([^ ]*\) \([^ ]*\)$/  {"\2", (void *) \&\2},/p'\'''
lt_cv_sys_global_symbol_to_c_name_address_lib_prefix='sed -n -e '\''s/^: \([^ ]*\) $/  {\"\1\", (void *) 0},/p'\'' -e '\''s/^[BCDEGRST]* \([^ ]*\) \(lib[^ ]*\)$/  {"\2", (void *) \&\2},/p'\'' -e '\''s/^[BCDEGRST]* \([^ ]*\) \([^ ]*\)$/  {"lib\2", (void *) \&\2},/p'\'''
lt_cv_sys_global_symbol_to_cdecl='sed -n -e '\''s/^T .* \(.*\)$/extern int \1();/p'\'' -e '\''s/^[BCDEGRST]* .* \(.*\)$/extern char \1;/p'\'''
lt_cv_sys_max_cmd_len=196608

## ----------------- ##
## Output variables. ##
## ----------------- ##

ACLOCAL='${SHELL} /Users/jlebar/code/moz/hashes/cityhash/missing --run aclocal-1.11'
AMDEPBACKSLASH='\'
AMDEP_FALSE='#'
AMDEP_TRUE=''
AMTAR='${SHELL} /Users/jlebar/code/moz/hashes/cityhash/missing --run tar'
AR='ar'
AUTOCONF='${SHELL} /Users/jlebar/code/moz/hashes/cityhash/missing --run autoconf'
AUTOHEADER='${SHELL} /Users/jlebar/code/moz/hashes/cityhash/missing --run autoheader'
AUTOMAKE='${SHELL} /Users/jlebar/code/moz/hashes/cityhash/missing --run automake-1.11'
AWK='gawk'
CC='gcc'
CCDEPMODE='depmode=gcc3'
CFLAGS='-g -O2'
CPP='gcc -E'
CPPFLAGS=''
CXX='g++'
CXXCPP='g++ -E'
CXXDEPMODE='depmode=gcc3'
CXXFLAGS='-g -O2'
CYGPATH_W='echo'
DEFS='-DHAVE_CONFIG_H'
DEPDIR='.deps'
DSYMUTIL='dsymutil'
DUMPBIN=''
ECHO_C='\c'
ECHO_N=''
ECHO_T=''
EGREP='/usr/bin/grep -E'
EXEEXT=''
FGREP='/usr/bin/grep -F'
GREP='/usr/bin/grep'
INSTALL_DATA='${INSTALL} -m 644'
INSTALL_PROGRAM='${INSTALL}'
INSTALL_SCRIPT='${INSTALL}'
INSTALL_STRIP_PROGRAM='$(install_sh) -c -s'
LD='/usr/llvm-gcc-4.2/libexec/gcc/i686-apple-darwin11/4.2.1/ld'
LDFLAGS=''
LIBOBJS=''
LIBS=''
LIBTOOL='$(SHELL) $(top_builddir)/libtool'
LIPO='lipo'
LN_S='ln -s'
LTLIBOBJS=''
MAKEINFO='${SHELL} /Users/jlebar/code/moz/hashes/cityhash/missing --run makeinfo'
MKDIR_P='./install-sh -c -d'
NM='/usr/bin/nm'
NMEDIT='nmedit'
OBJDUMP='false'
OBJEXT='o'
OTOOL64=':'
OTOOL='otool'
PACKAGE='cityhash'
PACKAGE_BUGREPORT='cityhash-discuss@googlegroups.com'
PACKAGE_NAME='CityHash'
PACKAGE_STRING='CityHash 1.0.3'
PACKAGE_TARNAME='cityhash'
PACKAGE_URL=''
PACKAGE_VERSION='1.0.3'
PATH_SEPARATOR=':'
RANLIB='ranlib'
SED='/usr/bin/sed'
SET_MAKE=''
SHELL='/bin/sh'
SSE42_FALSE=''
SSE42_TRUE='#'
STRIP='strip'
VERSION='1.0.3'
ac_ct_CC='gcc'
ac_ct_CXX='g++'
ac_ct_DUMPBIN=''
am__EXEEXT_FALSE=''
am__EXEEXT_TRUE='#'
am__fastdepCC_FALSE='#'
am__fastdepCC_TRUE=''
am__fastdepCXX_FALSE='#'
am__fastdepCXX_TRUE=''
am__include='include'
am__isrc=''
am__leading_dot='.'
am__quote=''
am__tar='${AMTAR} chof - "$$tardir"'
am__untar='${AMTAR} xf -'
bindir='${exec_prefix}/bin'
build='i386-apple-darwin11.3.0'
build_alias=''
build_cpu='i386'
build_os='darwin11.3.0'
build_vendor='apple'
datadir='${datarootdir}'
datarootdir='${prefix}/share'
docdir='${datarootdir}/doc/${PACKAGE_TARNAME}'
dvidir='${docdir}'
exec_prefix='${prefix}'
host='i386-apple-darwin11.3.0'
host_alias=''
host_cpu='i386'
host_os='darwin11.3.0'
host_vendor='apple'
htmldir='${docdir}'
includedir='${prefix}/include'
infodir='${datarootdir}/info'
install_sh='${SHELL} /Users/jlebar/code/moz/hashes/cityhash/install-sh'
libdir='${exec_prefix}/lib'
libexecdir='${exec_prefix}/libexec'
localedir='${datarootdir}/locale'
localstatedir='${prefix}/var'
lt_ECHO='/bin/echo'
mandir='${datarootdir}/man'
mkdir_p='$(top_builddir)/./install-sh -c -d'
oldincludedir='/usr/include'
pdfdir='${docdir}'
prefix='/usr/local'
program_transform_name='s,x,x,'
psdir='${docdir}'
sbindir='${exec_prefix}/sbin'
sharedstatedir='${prefix}/com'
sysconfdir='${prefix}/etc'
target_alias=''

## ----------- ##
## confdefs.h. ##
## ----------- ##

/* confdefs.h */
#define PACKAGE_NAME "CityHash"
#define PACKAGE_TARNAME "cityhash"
#define PACKAGE_VERSION "1.0.3"
#define PACKAGE_STRING "CityHash 1.0.3"
#define PACKAGE_BUGREPORT "cityhash-discuss@googlegroups.com"
#define PACKAGE_URL ""
#define STDC_HEADERS 1
#define HAVE_SYS_TYPES_H 1
#define HAVE_SYS_STAT_H 1
#define HAVE_STDLIB_H 1
#define HAVE_STRING_H 1
#define HAVE_MEMORY_H 1
#define HAVE_STRINGS_H 1
#define HAVE_INTTYPES_H 1
#define HAVE_STDINT_H 1
#define HAVE_UNISTD_H 1
#define HAVE_DLFCN_H 1
#define LT_OBJDIR ".libs/"
#define HAVE_STDINT_H 1
#define HAVE_STDLIB_H 1
#define HAVE_BUILTIN_EXPECT 1

configure: exit 0
